<?xml version="1.0" encoding="UTF-8"?>
<!-- Generated by org.testng.reporters.JUnitXMLReporter -->
<testsuite hostname="MAC-DES-104" ignored="0" name="Authorizations Examiner View - Validate Test Script" tests="1" failures="0" timestamp="01 Dec 2018 08:11:15 GMT" time="39.142" errors="0">
  <testcase name="AuthorizationsExaminerViewValidateTestScript" time="39.124" classname="com.test.AuthorizationExaminerViewValidate"/>
</testsuite> <!-- Authorizations Examiner View - Validate Test Script -->
