<?xml version="1.0" encoding="UTF-8"?>
<!-- Generated by org.testng.reporters.JUnitXMLReporter -->
<testsuite hostname="MAC-DES-104" ignored="0" name="Authorizations Examiner View-  Add Communication Test Script" tests="1" failures="0" timestamp="01 Dec 2018 08:05:38 GMT" time="62.711" errors="0">
  <testcase name="AuthorizationsExaminerViewAddCommunicationTestScript" time="62.71" classname="com.test.AuthorizationExaminerViewAddComm"/>
</testsuite> <!-- Authorizations Examiner View-  Add Communication Test Script -->
