<?xml version="1.0" encoding="UTF-8"?>
<!-- Generated by org.testng.reporters.JUnitXMLReporter -->
<testsuite hostname="MAC-DES-104" ignored="0" name="Benefit Plan - Add with Copy and Add Premium Notes Test Script" tests="1" failures="0" timestamp="01 Dec 2018 09:34:25 GMT" time="61.441" errors="0">
  <testcase name="BenefitPlanAddWithCopyAddPremiumNotesTestScript" time="61.41" classname="com.test.BenefitPlanAddWithCopyAddPremiumNotes"/>
</testsuite> <!-- Benefit Plan - Add with Copy and Add Premium Notes Test Script -->
