<?xml version="1.0" encoding="UTF-8"?>
<!-- Generated by org.testng.reporters.JUnitXMLReporter -->
<testsuite hostname="MAC-DES-104" ignored="0" name="Benefit Premium Payment Modes Add Comm Test Script" tests="1" failures="0" timestamp="01 Dec 2018 11:54:18 GMT" time="38.695" errors="0">
  <testcase name="BenefitPremiumPaymentModesAddCommTestScriptTestScript" time="38.68" classname="com.test.BenefitPremiumPaymentModesAddCommTestScript"/>
</testsuite> <!-- Benefit Premium Payment Modes Add Comm Test Script -->
