<?xml version="1.0" encoding="UTF-8"?>
<!-- Generated by org.testng.reporters.JUnitXMLReporter -->
<testsuite hostname="OPTVDA0047" ignored="0" name="Benefit Plan Copy Service Type Query - Copy Test Script- Jira726ServiceTypeCopy" tests="1" failures="0" timestamp="06 Sep 2018 02:26:11 GMT" time="64.343" errors="0">
  <testcase name="Jira726ClaimTypeCopyTestScript" time="64.325" classname="com.test.Jira726ServiceTypeCopy"/>
</testsuite> <!-- Benefit Plan Copy Service Type Query - Copy Test Script- Jira726ServiceTypeCopy -->
