<?xml version="1.0" encoding="UTF-8"?>
<!-- Generated by org.testng.reporters.JUnitXMLReporter -->
<testsuite hostname="MAC-DES-104" ignored="0" name="Benefit Premium Payment Modes Add Test Script" tests="1" failures="0" timestamp="01 Dec 2018 11:53:39 GMT" time="35.758" errors="0">
  <testcase name="BenefitPremiumPaymentModesAddTestScriptTestScript" time="35.743" classname="com.test.BenefitPremiumPaymentModesAddTestScript"/>
</testsuite> <!-- Benefit Premium Payment Modes Add Test Script -->
