<?xml version="1.0" encoding="UTF-8"?>
<!-- Generated by org.testng.reporters.JUnitXMLReporter -->
<testsuite hostname="OPTVDA0047" ignored="0" name="Benefit Plan - Add with Copy Premium Notes Test Script" tests="1" failures="0" timestamp="25 Jul 2018 19:06:20 GMT" time="49.467" errors="0">
  <testcase name="BenefitPlanAddWithCopyAddPremiumNotesTestScript" time="49.446" classname="com.test.BenefitPlanAddWithCopyAddPremiumNotes"/>
</testsuite> <!-- Benefit Plan - Add with Copy Premium Notes Test Script -->
