<?xml version="1.0" encoding="UTF-8"?>
<!-- Generated by org.testng.reporters.JUnitXMLReporter -->
<testsuite hostname="OPTVDA0047" ignored="0" name="Benefit Plan Copy Claim Type Query - Copy Test Script- Jira726ClaimTypeCopy" tests="1" failures="0" timestamp="06 Sep 2018 02:25:06 GMT" time="45.26" errors="0">
  <testcase name="Jira726ClaimTypeCopyTestScript" time="45.243" classname="com.test.Jira726ClaimTypeCopy"/>
</testsuite> <!-- Benefit Plan Copy Claim Type Query - Copy Test Script- Jira726ClaimTypeCopy -->
