<?xml version="1.0" encoding="UTF-8"?>
<!-- Generated by org.testng.reporters.JUnitXMLReporter -->
<testsuite hostname="MAC-DES-104" ignored="0" name="Communication Case Statuses Add Comm Test Script" tests="1" failures="0" timestamp="01 Dec 2018 12:53:05 GMT" time="37.493" errors="0">
  <testcase name="CommunicationCaseStatusesAddCommTestScriptTestScript" time="37.493" classname="com.test.CommunicationCaseStatusesAddCommTestScript"/>
</testsuite> <!-- Communication Case Statuses Add Comm Test Script -->
