<?xml version="1.0" encoding="UTF-8"?>
<!-- Generated by org.testng.reporters.JUnitXMLReporter -->
<testsuite hostname="MAC-DES-104" ignored="0" name="Communication Case Priorities Add Comm Test Script" tests="1" failures="0" timestamp="01 Dec 2018 12:57:31 GMT" time="42.113" errors="0">
  <testcase name="CommunicationCasePrioritiesAddCommTestScript1" time="42.098" classname="com.test.CommunicationCasePrioritiesAddCommTestScript"/>
</testsuite> <!-- Communication Case Priorities Add Comm Test Script -->
