<?xml version="1.0" encoding="UTF-8"?>
<!-- Generated by org.testng.reporters.JUnitXMLReporter -->
<testsuite hostname="MAC-DES-104" ignored="0" name="Communication Case Priorities Delete Test Script" tests="1" failures="0" timestamp="01 Dec 2018 12:59:48 GMT" time="69.324" errors="0">
  <testcase name="CommunicationCasePrioritiesDeleteTestScript1" time="69.28" classname="com.test.CommunicationCasePrioritiesDeleteTestScript"/>
</testsuite> <!-- Communication Case Priorities Delete Test Script -->
