<?xml version="1.0" encoding="UTF-8"?>
<!-- Generated by org.testng.reporters.JUnitXMLReporter -->
<testsuite hostname="MAC-DES-104" ignored="0" name="Communication Case Types Add Comm Test Script" tests="1" failures="0" timestamp="01 Dec 2018 12:49:00 GMT" time="32.871" errors="0">
  <testcase name="CommunicationCaseTypesAddCommTestScriptTestScript" time="32.855" classname="com.test.CommunicationCaseTypesAddCommTestScript"/>
</testsuite> <!-- Communication Case Types Add Comm Test Script -->
