<?xml version="1.0" encoding="UTF-8"?>
<!-- Generated by org.testng.reporters.JUnitXMLReporter -->
<testsuite hostname="MAC-DES-104" ignored="0" name="Coverage Manual Entry Reasons Add Comm Test Script" tests="1" failures="0" timestamp="01 Dec 2018 11:38:42 GMT" time="33.866" errors="0">
  <testcase name="CoverageManualEntryReasonsAddCommTestScriptTestScript" time="33.866" classname="com.test.CoverageManualEntryReasonsAddCommTestScript"/>
</testsuite> <!-- Coverage Manual Entry Reasons Add Comm Test Script -->
