<?xml version="1.0" encoding="UTF-8"?>
<!-- Generated by org.testng.reporters.JUnitXMLReporter -->
<testsuite hostname="MAC-DES-104" ignored="0" name="Coverage Manual Entry Reasons Delete Test Script" tests="1" failures="0" timestamp="01 Dec 2018 11:40:53 GMT" time="60.876" errors="0">
  <testcase name="CoverageManualEntryReasonsDeleteTestScript1" time="60.876" classname="com.test.CoverageManualEntryReasonsDeleteTestScript"/>
</testsuite> <!-- Coverage Manual Entry Reasons Delete Test Script -->
