<?xml version="1.0" encoding="UTF-8"?>
<!-- Generated by org.testng.reporters.JUnitXMLReporter -->
<testsuite hostname="MAC-DES-104" ignored="0" name="Coverage Manual Entry Reasons Add Test Script" tests="1" failures="0" timestamp="01 Dec 2018 11:38:08 GMT" time="37.949" errors="0">
  <testcase name="CoverageManualEntryReasonsAddTestScriptTestScript" time="37.915" classname="com.test.CoverageManualEntryReasonsAddTestScript"/>
</testsuite> <!-- Coverage Manual Entry Reasons Add Test Script -->
