<?xml version="1.0" encoding="UTF-8"?>
<!-- Generated by org.testng.reporters.JUnitXMLReporter -->
<testsuite hostname="MAC-DES-104" ignored="0" name="EDI- Batch Processing-cancel Process with Batch No" tests="1" failures="0" timestamp="01 Dec 2018 10:45:14 GMT" time="48.672" errors="0">
  <testcase name="CancelClaimsProcessingWithBatchNoTestScript" time="48.641" classname="com.test.CancelClaimsProcessingWithBatchNumber"/>
</testsuite> <!-- EDI- Batch Processing-cancel Process with Batch No -->
