<?xml version="1.0" encoding="UTF-8"?>
<!-- Generated by org.testng.reporters.JUnitXMLReporter -->
<testsuite hostname="MAC-DES-104" ignored="0" name="EDI- Batch Processing-cancel Process with Disposition" tests="1" failures="0" timestamp="01 Dec 2018 10:46:05 GMT" time="50.419" errors="0">
  <testcase name="CancelClaimsProcessingWithDispositionTestScript" time="50.384" classname="com.test.CancelClaimsProcessingWithDisposition"/>
</testsuite> <!-- EDI- Batch Processing-cancel Process with Disposition -->
