<?xml version="1.0" encoding="UTF-8"?>
<!-- Generated by org.testng.reporters.JUnitXMLReporter -->
<testsuite hostname="MAC-DES-104" ignored="0" name="EOB Report- Other Plans Extract Claims Data Report Test Script" tests="1" failures="0" timestamp="01 Dec 2018 11:08:50 GMT" time="92.019" errors="0">
  <testcase name="EOBOtherPlansCloseoutExtractClaimsDataReportTestScript" time="91.988" classname="com.test.EOBOtherPlansCloseoutTestScript"/>
</testsuite> <!-- EOB Report- Other Plans Extract Claims Data Report Test Script -->
