<?xml version="1.0" encoding="UTF-8"?>
<!-- Generated by org.testng.reporters.JUnitXMLReporter -->
<testsuite hostname="MAC-DES-104" ignored="0" name="EOB Report- Benelect Extract Claims Data Report Test Script" tests="1" failures="0" timestamp="01 Dec 2018 11:12:00 GMT" time="94.503" errors="0">
  <testcase name="EOBBenelectCloseoutExtractClaimsDataReportTestScript" time="94.473" classname="com.test.EOBBenelectCloseoutTestScript"/>
</testsuite> <!-- EOB Report- Benelect Extract Claims Data Report Test Script -->
