<?xml version="1.0" encoding="UTF-8"?>
<!-- Generated by org.testng.reporters.JUnitXMLReporter -->
<testsuite hostname="OPTVDA0047" ignored="0" name="EOB Report- FL Extract Claims Data Report Test Script" tests="1" failures="0" timestamp="09 Nov 2018 21:55:57 GMT" time="105.684" errors="0">
  <testcase name="EOBFLCloseoutExtractClaimsDataReportTestScript" time="105.658" classname="com.test.EOBFLCloseoutTestScript"/>
</testsuite> <!-- EOB Report- FL Extract Claims Data Report Test Script -->
