<?xml version="1.0" encoding="UTF-8"?>
<!-- Generated by org.testng.reporters.JUnitXMLReporter -->
<testsuite hostname="MAC-DES-104" ignored="0" name="EOB Report- Puerto Rico Extract Claims Data Report Test Script" tests="1" failures="0" timestamp="01 Dec 2018 11:10:26 GMT" time="95.557" errors="0">
  <testcase name="EOBPuertoRicoCloseoutExtractClaimsDataReportTestScript" time="95.541" classname="com.test.EOBPuertoRicoCloseoutTestScript"/>
</testsuite> <!-- EOB Report- Puerto Rico Extract Claims Data Report Test Script -->
