<?xml version="1.0" encoding="UTF-8"?>
<!-- Generated by org.testng.reporters.JUnitXMLReporter -->
<testsuite hostname="MAC-DES-104" ignored="0" name="EOB Report- FIVP Extract Claims Data Report Test Script" tests="1" failures="0" timestamp="01 Dec 2018 11:07:18 GMT" time="91.395" errors="0">
  <testcase name="EOBFIVPCloseoutExtractClaimsDataReportTestScript" time="91.385" classname="com.test.EOBFIVPCloseoutTestScript"/>
</testsuite> <!-- EOB Report- FIVP Extract Claims Data Report Test Script -->
