<?xml version="1.0" encoding="UTF-8"?>
<!-- Generated by org.testng.reporters.JUnitXMLReporter -->
<testsuite hostname="OPTVDA0047" ignored="0" name="Fee Schedules Add Claim Type Query- Add  Test Script- Jira726ClaimTypeAdd" tests="1" failures="1" timestamp="30 Oct 2018 12:46:24 GMT" time="0.412" errors="0">
  <testcase name="FeeScheduleAddClaimQueryTestScript" time="0.287" classname="com.test.Jira726ClaimTypeAdd">
    <failure type="java.lang.Error" message="Unresolved compilation problem: 
	The method addClaimQueryFeeSchedules(String, String, String, String, String, String, String, String, String, String, String, String, String, String, String) in the type FeeScheduleListingPage is not applicable for the arguments (WebDriver, String, String, String, String, String, String, String, String, String, String, String, String, String, String, String)
">
      <![CDATA[java.lang.Error: Unresolved compilation problem: 
	The method addClaimQueryFeeSchedules(String, String, String, String, String, String, String, String, String, String, String, String, String, String, String) in the type FeeScheduleListingPage is not applicable for the arguments (WebDriver, String, String, String, String, String, String, String, String, String, String, String, String, String, String, String)

	at com.test.Jira726ClaimTypeAdd.addFeeSchedulesAddClaimQueryMultiple(Jira726ClaimTypeAdd.java:119)
	at com.test.Jira726ClaimTypeAdd.FeeScheduleAddClaimQueryTestScript(Jira726ClaimTypeAdd.java:76)
... Removed 25 stack frames]]>
    </failure>
  </testcase> <!-- FeeScheduleAddClaimQueryTestScript -->
</testsuite> <!-- Fee Schedules Add Claim Type Query- Add  Test Script- Jira726ClaimTypeAdd -->
