<?xml version="1.0" encoding="UTF-8"?>
<!-- Generated by org.testng.reporters.JUnitXMLReporter -->
<testsuite hostname="OPTVDA0047" ignored="0" name="Fee Schedules Add Service Type Query - Edit Test Script-Jira726ServiceTypeAdd" tests="1" failures="1" timestamp="30 Oct 2018 12:46:25 GMT" time="0.107" errors="0">
  <testcase name="FeeScheduleAddServiceQueryTestScript" time="0.105" classname="com.test.Jira726ServiceTypeAdd">
    <failure type="java.lang.Error" message="Unresolved compilation problem: 
	The method addServiceQueryFeeSchedules(String, String, String, String, String, String, String, String, String, String, String, String, String, String, String) in the type FeeScheduleListingPage is not applicable for the arguments (WebDriver, String, String, String, String, String, String, String, String, String, String, String, String, String, String, String)
">
      <![CDATA[java.lang.Error: Unresolved compilation problem: 
	The method addServiceQueryFeeSchedules(String, String, String, String, String, String, String, String, String, String, String, String, String, String, String) in the type FeeScheduleListingPage is not applicable for the arguments (WebDriver, String, String, String, String, String, String, String, String, String, String, String, String, String, String, String)

	at com.test.Jira726ServiceTypeAdd.addFeeSchedulesAddServiceQueryMultiple(Jira726ServiceTypeAdd.java:119)
	at com.test.Jira726ServiceTypeAdd.FeeScheduleAddServiceQueryTestScript(Jira726ServiceTypeAdd.java:76)
... Removed 25 stack frames]]>
    </failure>
  </testcase> <!-- FeeScheduleAddServiceQueryTestScript -->
</testsuite> <!-- Fee Schedules Add Service Type Query - Edit Test Script-Jira726ServiceTypeAdd -->
