<?xml version="1.0" encoding="UTF-8"?>
<!-- Generated by org.testng.reporters.JUnitXMLReporter -->
<testsuite hostname="MAC-DES-104" ignored="0" name="Initial Response at Intakes Add Comm Test Script" tests="1" failures="0" timestamp="01 Dec 2018 14:19:50 GMT" time="52.541" errors="0">
  <testcase name="InitialResponseatIntakesAddCommTestScript1" time="52.525" classname="com.test.InitialResponseatIntakesAddCommTestScript"/>
</testsuite> <!-- Initial Response at Intakes Add Comm Test Script -->
