<?xml version="1.0" encoding="UTF-8"?>
<!-- Generated by org.testng.reporters.JUnitXMLReporter -->
<testsuite hostname="MAC-DES-104" ignored="0" name="Insurance Coverage Extents Add Comm Test Script" tests="1" failures="0" timestamp="01 Dec 2018 11:50:20 GMT" time="39.693" errors="0">
  <testcase name="InsuranceCoverageExtentsAddCommTestScriptTestScript" time="39.677" classname="com.test.InsuranceCoverageExtentsAddCommTestScript"/>
</testsuite> <!-- Insurance Coverage Extents Add Comm Test Script -->
