<?xml version="1.0" encoding="UTF-8"?>
<!-- Generated by org.testng.reporters.JUnitXMLReporter -->
<testsuite hostname="OPTVDA0047" ignored="0" name=" Jira726 Delete Copy Records In Benefit Plan Claim And Service Queries" tests="1" failures="0" timestamp="12 Nov 2018 05:26:39 GMT" time="224.607" errors="0">
  <testcase name="Jira726DeleteCopyRecordsInBenefitPlanClaimAndServiceQueriesTestScript" time="224.584" classname="com.test.Jira726DeleteCopyRecordsInBenefitPlanClaimAndServiceQueries"/>
</testsuite> <!--  Jira726 Delete Copy Records In Benefit Plan Claim And Service Queries -->
