<?xml version="1.0" encoding="UTF-8"?>
<!-- Generated by org.testng.reporters.JUnitXMLReporter -->
<testsuite hostname="MAC-DES-104" ignored="0" name="Member&#039;s Claims Add Communication Claim Test Script" tests="1" failures="0" timestamp="01 Dec 2018 08:18:38 GMT" time="53.805" errors="0">
  <testcase name="MemberClaimsAddCommunicationTestScript" time="53.805" classname="com.test.MCAddCommunicationMultipleClaims"/>
</testsuite> <!-- Member's Claims Add Communication Claim Test Script -->
