<?xml version="1.0" encoding="UTF-8"?>
<!-- Generated by org.testng.reporters.JUnitXMLReporter -->
<testsuite hostname="MAC-DES-104" ignored="0" name="Member-Subscriber Relationships Add Comm Test Script" tests="1" failures="0" timestamp="01 Dec 2018 11:34:40 GMT" time="50.562" errors="0">
  <testcase name="MemberSubscriberRelationshipsAddCommTestScript1" time="50.531" classname="com.test.MemberSubscriberRelationshipsAddCommTestScript"/>
</testsuite> <!-- Member-Subscriber Relationships Add Comm Test Script -->
