<?xml version="1.0" encoding="UTF-8"?>
<!-- Generated by org.testng.reporters.JUnitXMLReporter -->
<testsuite hostname="MAC-DES-104" ignored="0" name="Member-Subscriber Relationships Add Test Script" tests="1" failures="0" timestamp="01 Dec 2018 11:33:49 GMT" time="86.45" errors="0">
  <testcase name="MemberSubscriberRelationshipsAddTestScript1" time="86.434" classname="com.test.MemberSubscriberRelationshipsAddTestScript"/>
</testsuite> <!-- Member-Subscriber Relationships Add Test Script -->
