<?xml version="1.0" encoding="UTF-8"?>
<!-- Generated by org.testng.reporters.JUnitXMLReporter -->
<testsuite hostname="MAC-DES-104" ignored="0" name="Member-Subscriber Relationships Edit Test Script" tests="1" failures="0" timestamp="01 Dec 2018 11:35:49 GMT" time="34.123" errors="0">
  <testcase name="MemberSubscriberRelationshipsEditTestScript1" time="34.108" classname="com.test.MemberSubscriberRelationshipsEditTestScript"/>
</testsuite> <!-- Member-Subscriber Relationships Edit Test Script -->
