<?xml version="1.0" encoding="UTF-8"?>
<!-- Generated by org.testng.reporters.JUnitXMLReporter -->
<testsuite hostname="MAC-DES-104" ignored="0" name="Member-Subscriber Relationships Copy Test Script" tests="1" failures="0" timestamp="01 Dec 2018 11:35:15 GMT" time="35.127" errors="0">
  <testcase name="MemberSubscriberRelationshipsCopyTestScript1" time="35.08" classname="com.test.MemberSubscriberRelationshipsCopyTestScript"/>
</testsuite> <!-- Member-Subscriber Relationships Copy Test Script -->
