<?xml version="1.0" encoding="UTF-8"?>
<!-- Generated by org.testng.reporters.JUnitXMLReporter -->
<testsuite hostname="MAC-DES-104" ignored="0" name="Member-Subscriber Relationships Exit Test Script" tests="1" failures="0" timestamp="01 Dec 2018 11:37:30 GMT" time="33.29" errors="0">
  <testcase name="MemberSubscriberRelationshipsExitTestScript1" time="33.274" classname="com.test.MemberSubscriberRelationshipsExitTestScript"/>
</testsuite> <!-- Member-Subscriber Relationships Exit Test Script -->
