<?xml version="1.0" encoding="UTF-8"?>
<!-- Generated by org.testng.reporters.JUnitXMLReporter -->
<testsuite hostname="MAC-DES-104" ignored="0" name="Member-Subscriber Relationships Delete Test Script" tests="1" failures="0" timestamp="01 Dec 2018 11:36:57 GMT" time="67.325" errors="0">
  <testcase name="MemberSubscriberRelationshipsDeleteTestScript1" time="67.278" classname="com.test.MemberSubscriberRelationshipsDeleteTestScript"/>
</testsuite> <!-- Member-Subscriber Relationships Delete Test Script -->
