<?xml version="1.0" encoding="UTF-8"?>
<!-- Generated by org.testng.reporters.JUnitXMLReporter -->
<testsuite hostname="MAC-DES-104" ignored="0" name="Member&#039;s Authorizations Add Communication Test Script" tests="1" failures="0" timestamp="01 Dec 2018 07:54:33 GMT" time="71.862" errors="0">
  <testcase name="memberAuthorizationAddCommunicationTestScript" time="71.853" classname="com.test.MemberAuthAddCommunication"/>
</testsuite> <!-- Member's Authorizations Add Communication Test Script -->
