<?xml version="1.0" encoding="UTF-8"?>
<!-- Generated by org.testng.reporters.JUnitXMLReporter -->
<testsuite hostname="MAC-DES-104" ignored="0" name="Other Credentialling Source Types Edit Test Script" tests="1" failures="0" timestamp="01 Dec 2018 12:41:51 GMT" time="32.474" errors="0">
  <testcase name="OtherCredentiallingSourceTypesEditTestScript1" time="32.443" classname="com.test.OtherCredentiallingSourceTypesEditTestScript"/>
</testsuite> <!-- Other Credentialling Source Types Edit Test Script -->
