<?xml version="1.0" encoding="UTF-8"?>
<!-- Generated by org.testng.reporters.JUnitXMLReporter -->
<testsuite hostname="MAC-DES-104" ignored="0" name="Other Credentialling Source Types Delete Test Script" tests="1" failures="0" timestamp="01 Dec 2018 12:42:54 GMT" time="63.431" errors="0">
  <testcase name="OtherCredentiallingSourceTypesDeleteTestScript1" time="63.416" classname="com.test.OtherCredentiallingSourceTypesDeleteTestScript"/>
</testsuite> <!-- Other Credentialling Source Types Delete Test Script -->
