<?xml version="1.0" encoding="UTF-8"?>
<!-- Generated by org.testng.reporters.JUnitXMLReporter -->
<testsuite hostname="MAC-DES-104" ignored="0" name="Other Credentialling Source Types Add Comm Test Script" tests="1" failures="0" timestamp="01 Dec 2018 12:40:49 GMT" time="45.006" errors="0">
  <testcase name="OtherCredentiallingSourceTypesAddCommTestScript1" time="45.006" classname="com.test.OtherCredentiallingSourceTypesAddCommTestScript"/>
</testsuite> <!-- Other Credentialling Source Types Add Comm Test Script -->
