<?xml version="1.0" encoding="UTF-8"?>
<!-- Generated by org.testng.reporters.JUnitXMLReporter -->
<testsuite hostname="MAC-DES-104" ignored="0" name="Other Credentialling Source Types Exit Test Script" tests="1" failures="0" timestamp="01 Dec 2018 12:43:26 GMT" time="31.347" errors="0">
  <testcase name="OtherCredentiallingSourceTypesExitTestScript1" time="31.331" classname="com.test.OtherCredentiallingSourceTypesExitTestScript"/>
</testsuite> <!-- Other Credentialling Source Types Exit Test Script -->
