<?xml version="1.0" encoding="UTF-8"?>
<!-- Generated by org.testng.reporters.JUnitXMLReporter -->
<testsuite hostname="MAC-DES-104" ignored="0" name="Other Credentialling Source Types Copy Test Script" tests="1" failures="0" timestamp="01 Dec 2018 12:41:18 GMT" time="29.684" errors="0">
  <testcase name="OtherCredentiallingSourceTypesCopyTestScript1" time="29.668" classname="com.test.OtherCredentiallingSourceTypesCopyTestScript"/>
</testsuite> <!-- Other Credentialling Source Types Copy Test Script -->
