<?xml version="1.0" encoding="UTF-8"?>
<!-- Generated by org.testng.reporters.JUnitXMLReporter -->
<testsuite hostname="MAC-DES-104" ignored="0" name="Other Credentialling Source Types Add Test Script" tests="1" failures="0" timestamp="01 Dec 2018 12:40:04 GMT" time="77.581" errors="0">
  <testcase name="OtherCredentiallingSourceTypesAddTestScript1" time="77.565" classname="com.test.OtherCredentiallingSourceTypesAddTestScript"/>
</testsuite> <!-- Other Credentialling Source Types Add Test Script -->
