<?xml version="1.0" encoding="UTF-8"?>
<!-- Generated by org.testng.reporters.JUnitXMLReporter -->
<testsuite hostname="MAC-DES-104" ignored="0" name="Provider-Organization Affiliation Types Exit Test Script" tests="1" failures="0" timestamp="01 Dec 2018 12:34:54 GMT" time="36.533" errors="0">
  <testcase name="ProviderOrganizationAffiliationTypesExitTestScript1" time="36.47" classname="com.test.ProviderOrganizationAffiliationTypesExitTestScript"/>
</testsuite> <!-- Provider-Organization Affiliation Types Exit Test Script -->
