<?xml version="1.0" encoding="UTF-8"?>
<!-- Generated by org.testng.reporters.JUnitXMLReporter -->
<testsuite hostname="MAC-DES-104" ignored="0" name="Provider-Organization Affiliation Types Edit Test Script" tests="1" failures="0" timestamp="01 Dec 2018 12:33:16 GMT" time="32.013" errors="0">
  <testcase name="ProviderOrganizationAffiliationTypesEditTestScript1" time="31.982" classname="com.test.ProviderOrganizationAffiliationTypesEditTestScript"/>
</testsuite> <!-- Provider-Organization Affiliation Types Edit Test Script -->
