<?xml version="1.0" encoding="UTF-8"?>
<!-- Generated by org.testng.reporters.JUnitXMLReporter -->
<testsuite hostname="MAC-DES-104" ignored="0" name="Provider-Organization Affiliation Types Delete Test Script" tests="1" failures="0" timestamp="01 Dec 2018 12:34:18 GMT" time="61.824" errors="0">
  <testcase name="ProviderOrganizationAffiliationTypesDeleteTestScript1" time="61.793" classname="com.test.ProviderOrganizationAffiliationTypesDeleteTestScript"/>
</testsuite> <!-- Provider-Organization Affiliation Types Delete Test Script -->
