<?xml version="1.0" encoding="UTF-8"?>
<!-- Generated by org.testng.reporters.JUnitXMLReporter -->
<testsuite hostname="MAC-DES-104" ignored="0" name="Provider-Organization Affiliation Types Copy Test Script" tests="1" failures="0" timestamp="01 Dec 2018 12:32:44 GMT" time="30.66" errors="0">
  <testcase name="ProviderOrganizationAffiliationTypesCopyTestScript1" time="30.597" classname="com.test.ProviderOrganizationAffiliationTypesCopyTestScript"/>
</testsuite> <!-- Provider-Organization Affiliation Types Copy Test Script -->
