<?xml version="1.0" encoding="UTF-8"?>
<!-- Generated by org.testng.reporters.JUnitXMLReporter -->
<testsuite hostname="MAC-DES-104" ignored="0" name="Provider-Organization Affiliation Types Add Test Script" tests="1" failures="0" timestamp="01 Dec 2018 12:31:34 GMT" time="69.366" errors="0">
  <testcase name="ProviderOrganizationAffiliationTypesAddTestScript1" time="69.351" classname="com.test.ProviderOrganizationAffiliationTypesAddTestScript"/>
</testsuite> <!-- Provider-Organization Affiliation Types Add Test Script -->
