<?xml version="1.0" encoding="UTF-8"?>
<!-- Generated by org.testng.reporters.JUnitXMLReporter -->
<testsuite hostname="MAC-DES-104" ignored="0" name="Provider-Organization Affiliation Types Add Comm Test Script" tests="1" failures="0" timestamp="01 Dec 2018 12:32:13 GMT" time="38.715" errors="0">
  <testcase name="ProviderOrganizationAffiliationTypesAddCommTestScript1" time="38.661" classname="com.test.ProviderOrganizationAffiliationTypesAddCommTestScript"/>
</testsuite> <!-- Provider-Organization Affiliation Types Add Comm Test Script -->
