<?xml version="1.0" encoding="UTF-8"?>
<!-- Generated by org.testng.reporters.JUnitXMLReporter -->
<testsuite hostname="MAC-DES-104" ignored="0" name="RVU Geographic Multipliers Add Comm Test Script" tests="1" failures="0" timestamp="01 Dec 2018 13:49:07 GMT" time="41.216" errors="0">
  <testcase name="RVUGeographicMultipliersAddCommTestScript1" time="41.216" classname="com.test.RVUGeographicMultipliersAddCommTestScript"/>
</testsuite> <!-- RVU Geographic Multipliers Add Comm Test Script -->
