<?xml version="1.0" encoding="UTF-8"?>
<!-- Generated by org.testng.reporters.JUnitXMLReporter -->
<testsuite hostname="OPTVDA0047" ignored="0" name=" Tax Payers and Rates Service Type Query - Edit Test Script" tests="1" failures="0" timestamp="06 Sep 2018 03:39:32 GMT" time="46.779" errors="0">
  <testcase name="TaxPayersAndRateEditServiceTypeQueryTestScript" time="46.77" classname="com.test.Jira726ServiceTypeEdit"/>
</testsuite> <!--  Tax Payers and Rates Service Type Query - Edit Test Script -->
