<?xml version="1.0" encoding="UTF-8"?>
<!-- Generated by org.testng.reporters.JUnitXMLReporter -->
<testsuite hostname="OPTVDA0047" ignored="0" name=" Tax Payers and Rates Service Type Query - Edit Test Script- Jira726ServiceTypeEdit" tests="1" failures="0" timestamp="12 Nov 2018 04:54:19 GMT" time="59.313" errors="0">
  <testcase name="TaxPayersAndRateEditServiceTypeQueryTestScript" time="59.295" classname="com.test.Jira726ServiceTypeEdit"/>
</testsuite> <!--  Tax Payers and Rates Service Type Query - Edit Test Script- Jira726ServiceTypeEdit -->
