<?xml version="1.0" encoding="UTF-8"?>
<!-- Generated by org.testng.reporters.JUnitXMLReporter -->
<testsuite hostname="MAC-DES-104" ignored="0" name="Tax Payers and Rates Claim Type Query - Edit Test Script Jira726ClaimTypeEdit" tests="1" failures="0" timestamp="01 Dec 2018 09:10:20 GMT" time="48.976" errors="0">
  <testcase name="TaxPayersAndRateEditClaimTypeQueryTestScript" time="48.961" classname="com.test.Jira726ClaimTypeEdit"/>
</testsuite> <!-- Tax Payers and Rates Claim Type Query - Edit Test Script Jira726ClaimTypeEdit -->
