<?xml version="1.0" encoding="UTF-8"?>
<!-- Generated by org.testng.reporters.JUnitXMLReporter -->
<testsuite hostname="MAC-DES-104" ignored="0" name="Treatment Followup Actions Add Comm Test Script" tests="1" failures="0" timestamp="01 Dec 2018 14:33:14 GMT" time="48.51" errors="0">
  <testcase name="TreatmentFollowupActionsAddCommTestScript1" time="48.478" classname="com.test.TreatmentFollowupActionsAddCommTestScript"/>
</testsuite> <!-- Treatment Followup Actions Add Comm Test Script -->
