<?xml version="1.0" encoding="UTF-8"?>
<!-- Generated by org.testng.reporters.JUnitXMLReporter -->
<testsuite hostname="MAC-DES-104" ignored="0" name="UM Degrees of Clinical Urgency Add Test Script" tests="1" failures="0" timestamp="01 Dec 2018 14:11:31 GMT" time="53.326" errors="0">
  <testcase name="UMDegreesofClinicalUrgencyAddTestScriptTestScript" time="53.326" classname="com.test.UMDegreesofClinicalUrgencyAddTestScript"/>
</testsuite> <!-- UM Degrees of Clinical Urgency Add Test Script -->
