<?xml version="1.0" encoding="UTF-8"?>
<!-- Generated by org.testng.reporters.JUnitXMLReporter -->
<testsuite hostname="MAC-DES-104" ignored="0" name="UM Degrees of Clinical Urgency Delete Test Script" tests="1" failures="0" timestamp="01 Dec 2018 14:17:16 GMT" time="133.247" errors="0">
  <testcase name="UMDegreesofClinicalUrgencyDeleteTestScript1" time="133.231" classname="com.test.UMDegreesofClinicalUrgencyDeleteTestScript"/>
</testsuite> <!-- UM Degrees of Clinical Urgency Delete Test Script -->
