<?xml version="1.0" encoding="UTF-8"?>
<!-- Generated by org.testng.reporters.JUnitXMLReporter -->
<testsuite hostname="MAC-DES-104" ignored="0" name="UM Degrees of Clinical Urgency Add Comm Test Script" tests="1" failures="0" timestamp="01 Dec 2018 14:12:40 GMT" time="68.243" errors="0">
  <testcase name="UMDegreesofClinicalUrgencyAddCommTestScriptTestScript" time="68.242" classname="com.test.UMDegreesofClinicalUrgencyAddCommTestScript"/>
</testsuite> <!-- UM Degrees of Clinical Urgency Add Comm Test Script -->
