<?xml version="1.0" encoding="UTF-8"?>
<!-- Generated by org.testng.reporters.JUnitXMLReporter -->
<testsuite hostname="MAC-DES-104" ignored="0" name="Member Accumulator - Add Communication Test Script(failed)(failed)(failed)(failed)(failed)(failed)(failed)" tests="1" failures="0" timestamp="03 Dec 2018 06:06:55 GMT" time="79.324" errors="0">
  <testcase name="MemberAccumulatorAddCommunicationTestScript" time="79.292" classname="com.test.MemberAccumulatorAddComm"/>
</testsuite> <!-- Member Accumulator - Add Communication Test Script(failed)(failed)(failed)(failed)(failed)(failed)(failed) -->
