<?xml version="1.0" encoding="UTF-8"?>
<testng-results skipped="0" failed="0" ignored="0" total="1" passed="1">
  <reporter-output>
  </reporter-output>
  <suite name="Default suite" duration-ms="74404" started-at="2018-12-07T10:57:56Z" finished-at="2018-12-07T10:59:10Z">
    <groups>
    </groups>
    <test name="Default test" duration-ms="74404" started-at="2018-12-07T10:57:56Z" finished-at="2018-12-07T10:59:10Z">
      <class name="com.test.AcademicDegreesAddCommTestScript">
        <test-method status="PASS" signature="AcademicDegreesAddCommTestScript1()[pri:0, instance:com.test.AcademicDegreesAddCommTestScript@27c20538]" name="AcademicDegreesAddCommTestScript1" duration-ms="74348" started-at="2018-12-07T16:27:56Z" finished-at="2018-12-07T16:29:10Z">
          <reporter-output>
          </reporter-output>
        </test-method> <!-- AcademicDegreesAddCommTestScript1 -->
        <test-method status="PASS" signature="afterMethod()[pri:0, instance:com.test.AcademicDegreesAddCommTestScript@27c20538]" name="afterMethod" is-config="true" duration-ms="0" started-at="2018-12-07T16:29:10Z" finished-at="2018-12-07T16:29:10Z">
          <reporter-output>
          </reporter-output>
        </test-method> <!-- afterMethod -->
      </class> <!-- com.test.AcademicDegreesAddCommTestScript -->
    </test> <!-- Default test -->
  </suite> <!-- Default suite -->
</testng-results>
